#
# There is insufficient memory for the Java Runtime Environment to continue.
# Native memory allocation (malloc) failed to allocate 32744 bytes for ChunkPool::allocate
# Possible reasons:
#   The system is out of physical RAM or swap space
#   The process is running with CompressedOops enabled, and the Java Heap may be blocking the growth of the native heap
# Possible solutions:
#   Reduce memory load on the system
#   Increase physical memory or swap space
#   Check if swap backing store is full
#   Decrease Java heap size (-Xmx/-Xms)
#   Decrease number of Java threads
#   Decrease Java thread stack sizes (-Xss)
#   Set larger code cache with -XX:ReservedCodeCacheSize=
#   JVM is running with Unscaled Compressed Oops mode in which the Java heap is
#     placed in the first 4GB address space. The Java Heap base address is the
#     maximum limit for the native heap growth. Please use -XX:HeapBaseMinAddress
#     to set the Java Heap base and to place the Java Heap above 4GB virtual address.
# This output file may be truncated or incomplete.
#
#  Out of Memory Error (allocation.cpp:272), pid=12300, tid=0x00000000000018c4
#
# JRE version: OpenJDK Runtime Environment (8.0_242-b01) (build 1.8.0_242-release-1644-b01)
# Java VM: OpenJDK 64-Bit Server VM (25.242-b01 mixed mode windows-amd64 compressed oops)
# Failed to write core dump. Minidumps are not enabled by default on client versions of Windows
#

---------------  T H R E A D  ---------------

Current thread (0x0000000019635000):  JavaThread "C1 CompilerThread3" daemon [_thread_in_native, id=6340, stack(0x000000001a1f0000,0x000000001a2f0000)]

Stack: [0x000000001a1f0000,0x000000001a2f0000]
[error occurred during error reporting (printing stack bounds), id 0xc0000005]

Native frames: (J=compiled Java code, j=interpreted, Vv=VM code, C=native code)


Current CompileTask:
C1:  17072 10140   !   2       java.io.ObjectInputStream$BlockDataInputStream::readUTFSpan (502 bytes)


---------------  P R O C E S S  ---------------

Java Threads: ( => current thread )
  0x000000001c44c800 JavaThread "WorkerExecutor Queue" [_thread_in_vm, id=13048, stack(0x000000002faa0000,0x000000002fba0000)]
  0x000000001c447000 JavaThread "Cache worker for execution history cache (C:\Users\admin\StudioProjects\DigiDoctorMasterPharmacy\.gradle\6.5\executionHistory)" [_thread_blocked, id=10056, stack(0x000000002ecf0000,0x000000002edf0000)]
  0x000000001c446800 JavaThread "Execution worker for ':' Thread 7" [_thread_blocked, id=3196, stack(0x000000002e9f0000,0x000000002eaf0000)]
  0x000000001c445000 JavaThread "Execution worker for ':' Thread 6" [_thread_blocked, id=1932, stack(0x000000002d6b0000,0x000000002d7b0000)]
  0x000000001c442800 JavaThread "Execution worker for ':' Thread 5" [_thread_blocked, id=11020, stack(0x000000002d5b0000,0x000000002d6b0000)]
  0x000000001c442000 JavaThread "Execution worker for ':' Thread 4" [_thread_blocked, id=6752, stack(0x000000002d4b0000,0x000000002d5b0000)]
  0x000000001c443800 JavaThread "Execution worker for ':' Thread 3" [_thread_in_Java, id=8028, stack(0x000000002d3b0000,0x000000002d4b0000)]
  0x000000001c445800 JavaThread "Execution worker for ':' Thread 2" [_thread_blocked, id=9244, stack(0x000000002d2b0000,0x000000002d3b0000)]
  0x000000001c440800 JavaThread "Execution worker for ':'" [_thread_blocked, id=3688, stack(0x000000002cf60000,0x000000002d060000)]
  0x000000001c444000 JavaThread "Cache worker for file content cache (C:\Users\admin\StudioProjects\DigiDoctorMasterPharmacy\.gradle\6.5\fileContent)" [_thread_blocked, id=11212, stack(0x000000002cb10000,0x000000002cc10000)]
  0x0000000021321800 JavaThread "Memory manager" [_thread_blocked, id=6776, stack(0x000000002b1f0000,0x000000002b2f0000)]
  0x0000000021321000 JavaThread "Cache worker for Build Output Cleanup Cache (C:\Users\admin\StudioProjects\DigiDoctorMasterPharmacy\.gradle\buildOutputCleanup)" [_thread_in_native, id=10856, stack(0x000000002acf0000,0x000000002adf0000)]
  0x000000002131e000 JavaThread "jar transforms Thread 112" [_thread_blocked, id=12860, stack(0x000000002a720000,0x000000002a820000)]
  0x000000002131d000 JavaThread "jar transforms Thread 111" [_thread_blocked, id=2888, stack(0x000000002a620000,0x000000002a720000)]
  0x000000002131c800 JavaThread "jar transforms Thread 110" [_thread_blocked, id=9192, stack(0x000000002a520000,0x000000002a620000)]
  0x000000002131e800 JavaThread "jar transforms Thread 109" [_thread_blocked, id=6080, stack(0x000000002a420000,0x000000002a520000)]
  0x0000000021322800 JavaThread "jar transforms Thread 108" [_thread_blocked, id=5744, stack(0x000000002a320000,0x000000002a420000)]
  0x0000000021315000 JavaThread "jar transforms Thread 107" [_thread_blocked, id=9456, stack(0x000000002a220000,0x000000002a320000)]
  0x000000002131b800 JavaThread "jar transforms Thread 106" [_thread_blocked, id=5696, stack(0x000000002a120000,0x000000002a220000)]
  0x0000000021319800 JavaThread "jar transforms Thread 105" [_thread_blocked, id=9016, stack(0x000000002a020000,0x000000002a120000)]
  0x000000002131b000 JavaThread "jar transforms Thread 104" [_thread_blocked, id=3700, stack(0x0000000029f20000,0x000000002a020000)]
  0x0000000021314000 JavaThread "jar transforms Thread 103" [_thread_blocked, id=7528, stack(0x0000000029e20000,0x0000000029f20000)]
  0x000000002131a000 JavaThread "jar transforms Thread 102" [_thread_blocked, id=11188, stack(0x0000000029d20000,0x0000000029e20000)]
  0x0000000021318800 JavaThread "jar transforms Thread 101" [_thread_blocked, id=10488, stack(0x0000000029c20000,0x0000000029d20000)]
  0x0000000021313800 JavaThread "jar transforms Thread 100" [_thread_blocked, id=11900, stack(0x0000000029b20000,0x0000000029c20000)]
  0x0000000021317000 JavaThread "jar transforms Thread 99" [_thread_blocked, id=1628, stack(0x0000000029a20000,0x0000000029b20000)]
  0x0000000021316800 JavaThread "jar transforms Thread 98" [_thread_blocked, id=10984, stack(0x0000000029920000,0x0000000029a20000)]
  0x0000000021315800 JavaThread "jar transforms Thread 97" [_thread_blocked, id=7160, stack(0x0000000029820000,0x0000000029920000)]
  0x0000000021318000 JavaThread "jar transforms Thread 96" [_thread_blocked, id=9156, stack(0x0000000029720000,0x0000000029820000)]
  0x000000001c99c000 JavaThread "jar transforms Thread 95" [_thread_blocked, id=12276, stack(0x0000000029620000,0x0000000029720000)]
  0x000000001c99a800 JavaThread "jar transforms Thread 94" [_thread_blocked, id=10108, stack(0x0000000029520000,0x0000000029620000)]
  0x000000001c999000 JavaThread "jar transforms Thread 93" [_thread_blocked, id=7120, stack(0x0000000029420000,0x0000000029520000)]
  0x000000001c99a000 JavaThread "jar transforms Thread 92" [_thread_blocked, id=11844, stack(0x0000000029320000,0x0000000029420000)]
  0x000000001c99b800 JavaThread "jar transforms Thread 91" [_thread_blocked, id=2640, stack(0x0000000029220000,0x0000000029320000)]
  0x000000001c997800 JavaThread "jar transforms Thread 90" [_thread_blocked, id=7156, stack(0x0000000029120000,0x0000000029220000)]
  0x000000001c998800 JavaThread "jar transforms Thread 89" [_thread_blocked, id=8300, stack(0x0000000029020000,0x0000000029120000)]
  0x000000001c997000 JavaThread "jar transforms Thread 88" [_thread_blocked, id=13020, stack(0x0000000028f20000,0x0000000029020000)]
  0x000000001c98f800 JavaThread "jar transforms Thread 87" [_thread_blocked, id=13212, stack(0x0000000028e20000,0x0000000028f20000)]
  0x000000001c994800 JavaThread "jar transforms Thread 86" [_thread_blocked, id=11880, stack(0x0000000028d20000,0x0000000028e20000)]
  0x000000001c996000 JavaThread "jar transforms Thread 85" [_thread_blocked, id=3080, stack(0x0000000028c20000,0x0000000028d20000)]
  0x000000001c993000 JavaThread "jar transforms Thread 84" [_thread_blocked, id=5576, stack(0x0000000028b20000,0x0000000028c20000)]
  0x000000001c995800 JavaThread "jar transforms Thread 83" [_thread_blocked, id=8744, stack(0x0000000028a20000,0x0000000028b20000)]
  0x000000001c992800 JavaThread "jar transforms Thread 82" [_thread_blocked, id=2692, stack(0x0000000028920000,0x0000000028a20000)]
  0x000000001c991800 JavaThread "jar transforms Thread 81" [_thread_blocked, id=11736, stack(0x0000000028820000,0x0000000028920000)]
  0x000000001c994000 JavaThread "jar transforms Thread 80" [_thread_blocked, id=11112, stack(0x0000000028720000,0x0000000028820000)]
  0x000000001c991000 JavaThread "jar transforms Thread 79" [_thread_blocked, id=11832, stack(0x0000000028620000,0x0000000028720000)]
  0x000000001c990000 JavaThread "jar transforms Thread 78" [_thread_blocked, id=1944, stack(0x0000000028520000,0x0000000028620000)]
  0x000000001c98e800 JavaThread "jar transforms Thread 77" [_thread_blocked, id=12244, stack(0x0000000028420000,0x0000000028520000)]
  0x000000001c98e000 JavaThread "jar transforms Thread 76" [_thread_blocked, id=4012, stack(0x0000000028320000,0x0000000028420000)]
  0x000000001c98d000 JavaThread "jar transforms Thread 75" [_thread_blocked, id=2232, stack(0x0000000028220000,0x0000000028320000)]
  0x00000000205f2000 JavaThread "jar transforms Thread 74" [_thread_blocked, id=7204, stack(0x0000000028120000,0x0000000028220000)]
  0x00000000205f1800 JavaThread "jar transforms Thread 73" [_thread_blocked, id=7300, stack(0x0000000028020000,0x0000000028120000)]
  0x00000000205ef000 JavaThread "jar transforms Thread 72" [_thread_blocked, id=3888, stack(0x0000000027f20000,0x0000000028020000)]
  0x00000000205ee800 JavaThread "jar transforms Thread 71" [_thread_blocked, id=9188, stack(0x0000000027e20000,0x0000000027f20000)]
  0x00000000205ed800 JavaThread "jar transforms Thread 70" [_thread_blocked, id=11060, stack(0x0000000027d20000,0x0000000027e20000)]
  0x00000000205ed000 JavaThread "jar transforms Thread 69" [_thread_blocked, id=10800, stack(0x0000000027c20000,0x0000000027d20000)]
  0x00000000205f0000 JavaThread "jar transforms Thread 68" [_thread_blocked, id=7288, stack(0x0000000027b20000,0x0000000027c20000)]
  0x00000000205f0800 JavaThread "jar transforms Thread 67" [_thread_blocked, id=7540, stack(0x0000000027a20000,0x0000000027b20000)]
  0x00000000205e5800 JavaThread "jar transforms Thread 66" [_thread_blocked, id=4352, stack(0x0000000027920000,0x0000000027a20000)]
  0x00000000205ec000 JavaThread "jar transforms Thread 65" [_thread_blocked, id=10440, stack(0x0000000027820000,0x0000000027920000)]
  0x00000000205e4800 JavaThread "jar transforms Thread 64" [_thread_blocked, id=10652, stack(0x0000000027720000,0x0000000027820000)]
  0x00000000205eb800 JavaThread "jar transforms Thread 63" [_thread_blocked, id=9612, stack(0x0000000027620000,0x0000000027720000)]
  0x00000000205ea800 JavaThread "jar transforms Thread 62" [_thread_blocked, id=8420, stack(0x0000000027520000,0x0000000027620000)]
  0x00000000205e9000 JavaThread "jar transforms Thread 61" [_thread_blocked, id=2840, stack(0x0000000027420000,0x0000000027520000)]
  0x00000000205e3000 JavaThread "jar transforms Thread 60" [_thread_blocked, id=13180, stack(0x0000000027320000,0x0000000027420000)]
  0x00000000205e4000 JavaThread "jar transforms Thread 59" [_thread_blocked, id=11324, stack(0x0000000027220000,0x0000000027320000)]
  0x00000000205e6000 JavaThread "jar transforms Thread 58" [_thread_blocked, id=11416, stack(0x0000000027120000,0x0000000027220000)]
  0x00000000205e8800 JavaThread "jar transforms Thread 57" [_thread_blocked, id=8992, stack(0x0000000027020000,0x0000000027120000)]
  0x00000000205e7800 JavaThread "jar transforms Thread 56" [_thread_blocked, id=12548, stack(0x0000000026f20000,0x0000000027020000)]
  0x00000000205e7000 JavaThread "jar transforms Thread 55" [_thread_blocked, id=7076, stack(0x0000000026e20000,0x0000000026f20000)]
  0x00000000205ea000 JavaThread "jar transforms Thread 54" [_thread_blocked, id=8100, stack(0x0000000026d20000,0x0000000026e20000)]
  0x0000000020a11800 JavaThread "jar transforms Thread 53" [_thread_blocked, id=2944, stack(0x0000000026c20000,0x0000000026d20000)]
  0x0000000020a10000 JavaThread "jar transforms Thread 52" [_thread_blocked, id=1800, stack(0x0000000026b20000,0x0000000026c20000)]
  0x0000000020a0f000 JavaThread "jar transforms Thread 51" [_thread_blocked, id=6464, stack(0x0000000026a20000,0x0000000026b20000)]
  0x0000000020a12000 JavaThread "jar transforms Thread 50" [_thread_blocked, id=1524, stack(0x0000000026920000,0x0000000026a20000)]
  0x0000000020a10800 JavaThread "jar transforms Thread 49" [_thread_blocked, id=8352, stack(0x0000000026820000,0x0000000026920000)]
  0x0000000020a0e000 JavaThread "jar transforms Thread 48" [_thread_blocked, id=10264, stack(0x0000000026720000,0x0000000026820000)]
  0x0000000020a0d800 JavaThread "jar transforms Thread 47" [_thread_blocked, id=2636, stack(0x0000000026620000,0x0000000026720000)]
  0x0000000020a0c800 JavaThread "jar transforms Thread 46" [_thread_blocked, id=10024, stack(0x0000000026520000,0x0000000026620000)]
  0x0000000020a0c000 JavaThread "jar transforms Thread 45" [_thread_blocked, id=1160, stack(0x0000000026420000,0x0000000026520000)]
  0x0000000020a04800 JavaThread "jar transforms Thread 44" [_thread_blocked, id=5680, stack(0x0000000026320000,0x0000000026420000)]
  0x0000000020a0b000 JavaThread "jar transforms Thread 43" [_thread_blocked, id=12412, stack(0x0000000026220000,0x0000000026320000)]
  0x0000000020a0a800 JavaThread "jar transforms Thread 42" [_thread_blocked, id=10332, stack(0x0000000026120000,0x0000000026220000)]
  0x0000000020a06000 JavaThread "jar transforms Thread 41" [_thread_blocked, id=3832, stack(0x0000000026020000,0x0000000026120000)]
  0x0000000020a03000 JavaThread "jar transforms Thread 40" [_thread_blocked, id=9384, stack(0x0000000025f20000,0x0000000026020000)]
  0x0000000020a09800 JavaThread "jar transforms Thread 39" [_thread_blocked, id=6828, stack(0x0000000025e20000,0x0000000025f20000)]
  0x0000000020a03800 JavaThread "jar transforms Thread 38" [_thread_blocked, id=13040, stack(0x0000000025d20000,0x0000000025e20000)]
  0x0000000020a09000 JavaThread "jar transforms Thread 37" [_thread_blocked, id=3896, stack(0x0000000025c20000,0x0000000025d20000)]
  0x0000000020a08000 JavaThread "jar transforms Thread 36" [_thread_blocked, id=10132, stack(0x0000000025b20000,0x0000000025c20000)]
  0x0000000020a07800 JavaThread "jar transforms Thread 35" [_thread_blocked, id=2436, stack(0x0000000025a20000,0x0000000025b20000)]
  0x0000000020a05000 JavaThread "jar transforms Thread 34" [_thread_blocked, id=10876, stack(0x0000000025920000,0x0000000025a20000)]
  0x0000000020a06800 JavaThread "jar transforms Thread 33" [_thread_blocked, id=12156, stack(0x0000000025820000,0x0000000025920000)]
  0x00000000204f9000 JavaThread "jar transforms Thread 32" [_thread_blocked, id=2460, stack(0x0000000025720000,0x0000000025820000)]
  0x00000000204ff000 JavaThread "jar transforms Thread 31" [_thread_blocked, id=12740, stack(0x0000000025620000,0x0000000025720000)]
  0x00000000204fe800 JavaThread "jar transforms Thread 30" [_thread_blocked, id=8292, stack(0x0000000025520000,0x0000000025620000)]
  0x00000000204fd000 JavaThread "jar transforms Thread 29" [_thread_blocked, id=11980, stack(0x0000000025420000,0x0000000025520000)]
  0x00000000204fd800 JavaThread "jar transforms Thread 28" [_thread_blocked, id=5376, stack(0x0000000025320000,0x0000000025420000)]
  0x00000000204fc000 JavaThread "jar transforms Thread 27" [_thread_blocked, id=3220, stack(0x0000000025220000,0x0000000025320000)]
  0x00000000204f8800 JavaThread "jar transforms Thread 26" [_thread_blocked, id=11236, stack(0x0000000025120000,0x0000000025220000)]
  0x00000000204f7800 JavaThread "jar transforms Thread 25" [_thread_blocked, id=8272, stack(0x0000000025020000,0x0000000025120000)]
  0x00000000204f6000 JavaThread "jar transforms Thread 24" [_thread_blocked, id=4396, stack(0x0000000024f20000,0x0000000025020000)]
  0x00000000204fa000 JavaThread "jar transforms Thread 23" [_thread_blocked, id=12200, stack(0x0000000024e20000,0x0000000024f20000)]
  0x00000000204fb800 JavaThread "jar transforms Thread 22" [_thread_blocked, id=12760, stack(0x0000000024d20000,0x0000000024e20000)]
  0x00000000204fa800 JavaThread "jar transforms Thread 21" [_thread_blocked, id=2548, stack(0x0000000024c20000,0x0000000024d20000)]
  0x00000000204f2800 JavaThread "jar transforms Thread 20" [_thread_blocked, id=9280, stack(0x0000000024b20000,0x0000000024c20000)]
  0x00000000204f3000 JavaThread "jar transforms Thread 19" [_thread_blocked, id=4488, stack(0x0000000024a20000,0x0000000024b20000)]
  0x00000000204f7000 JavaThread "jar transforms Thread 18" [_thread_blocked, id=6288, stack(0x0000000024920000,0x0000000024a20000)]
  0x00000000204f0000 JavaThread "jar transforms Thread 17" [_thread_blocked, id=11104, stack(0x0000000024820000,0x0000000024920000)]
  0x00000000204f5800 JavaThread "jar transforms Thread 16" [_thread_blocked, id=12988, stack(0x0000000024720000,0x0000000024820000)]
  0x00000000204f1800 JavaThread "jar transforms Thread 15" [_thread_blocked, id=2356, stack(0x0000000024620000,0x0000000024720000)]
  0x00000000204f1000 JavaThread "jar transforms Thread 14" [_thread_blocked, id=3608, stack(0x0000000024520000,0x0000000024620000)]
  0x00000000204f4800 JavaThread "jar transforms Thread 13" [_thread_blocked, id=11404, stack(0x0000000024420000,0x0000000024520000)]
  0x00000000204f4000 JavaThread "jar transforms Thread 12" [_thread_blocked, id=3692, stack(0x0000000024320000,0x0000000024420000)]
  0x000000002076d800 JavaThread "jar transforms Thread 11" [_thread_blocked, id=2440, stack(0x0000000024220000,0x0000000024320000)]
  0x0000000020770000 JavaThread "jar transforms Thread 10" [_thread_blocked, id=4444, stack(0x0000000024120000,0x0000000024220000)]
  0x000000002076e800 JavaThread "jar transforms Thread 9" [_thread_blocked, id=5624, stack(0x0000000024020000,0x0000000024120000)]
  0x000000002076d000 JavaThread "jar transforms Thread 8" [_thread_blocked, id=6864, stack(0x0000000023f20000,0x0000000024020000)]
  0x000000002076c000 JavaThread "jar transforms Thread 7" [_thread_blocked, id=9836, stack(0x0000000023e20000,0x0000000023f20000)]
  0x000000002076b800 JavaThread "jar transforms Thread 6" [_thread_blocked, id=11232, stack(0x0000000023d20000,0x0000000023e20000)]
  0x000000002076a800 JavaThread "jar transforms Thread 5" [_thread_blocked, id=3916, stack(0x0000000023c20000,0x0000000023d20000)]
  0x000000002076f000 JavaThread "jar transforms Thread 4" [_thread_blocked, id=12572, stack(0x0000000023b20000,0x0000000023c20000)]
  0x0000000020763000 JavaThread "jar transforms Thread 3" [_thread_blocked, id=12164, stack(0x0000000023a20000,0x0000000023b20000)]
  0x0000000020769800 JavaThread "jar transforms Thread 2" [_thread_blocked, id=3316, stack(0x0000000023920000,0x0000000023a20000)]
  0x0000000020769000 JavaThread "Build operations Thread 8" [_thread_blocked, id=11100, stack(0x0000000023720000,0x0000000023820000)]
  0x0000000020761800 JavaThread "Build operations Thread 7" [_thread_blocked, id=6904, stack(0x0000000023620000,0x0000000023720000)]
  0x0000000020768000 JavaThread "Build operations Thread 6" [_thread_blocked, id=13028, stack(0x0000000023520000,0x0000000023620000)]
  0x0000000020760800 JavaThread "Build operations Thread 5" [_thread_blocked, id=3576, stack(0x0000000023420000,0x0000000023520000)]
  0x0000000020764800 JavaThread "Build operations Thread 4" [_thread_blocked, id=1960, stack(0x0000000023320000,0x0000000023420000)]
  0x0000000020765000 JavaThread "Build operations Thread 3" [_thread_blocked, id=5708, stack(0x0000000023220000,0x0000000023320000)]
  0x0000000020766000 JavaThread "Build operations Thread 2" [_thread_blocked, id=3676, stack(0x0000000023120000,0x0000000023220000)]
  0x0000000020762000 JavaThread "Build operations" [_thread_blocked, id=7224, stack(0x0000000023020000,0x0000000023120000)]
  0x000000001c23a000 JavaThread "Cache worker for file content cache (C:\Users\admin\.gradle\caches\6.5\fileContent)" [_thread_blocked, id=5804, stack(0x0000000022920000,0x0000000022a20000)]
  0x000000001c236000 JavaThread "jar transforms" [_thread_blocked, id=3848, stack(0x0000000022820000,0x0000000022920000)]
  0x000000001c239000 JavaThread "Cache worker for execution history cache (C:\Users\admin\.gradle\caches\6.5\executionHistory)" [_thread_blocked, id=3244, stack(0x0000000022120000,0x0000000022220000)]
  0x000000001c238800 JavaThread "Cache worker for cache directory md-rule (C:\Users\admin\.gradle\caches\6.5\md-rule)" [_thread_blocked, id=7564, stack(0x0000000022020000,0x0000000022120000)]
  0x000000001c234800 JavaThread "Cache worker for cache directory md-supplier (C:\Users\admin\.gradle\caches\6.5\md-supplier)" [_thread_blocked, id=5732, stack(0x0000000021f20000,0x0000000022020000)]
  0x000000001c237800 JavaThread "Cache worker for checksums cache (C:\Users\admin\StudioProjects\DigiDoctorMasterPharmacy\.gradle\checksums)" [_thread_blocked, id=2044, stack(0x0000000020b70000,0x0000000020c70000)]
  0x000000001c234000 JavaThread "Cache worker for file hash cache (C:\Users\admin\StudioProjects\DigiDoctorMasterPharmacy\.gradle\6.5\fileHashes)" [_thread_blocked, id=9080, stack(0x000000001fa60000,0x000000001fb60000)]
  0x000000001c235800 JavaThread "Cache worker for file hash cache (C:\Users\admin\.gradle\caches\6.5\fileHashes)" [_thread_blocked, id=12068, stack(0x000000001e510000,0x000000001e610000)]
  0x000000001c237000 JavaThread "File lock request listener" [_thread_in_native, id=10992, stack(0x000000001e410000,0x000000001e510000)]
  0x000000001c202000 JavaThread "Cache worker for journal cache (C:\Users\admin\.gradle\caches\journal-1)" [_thread_blocked, id=1948, stack(0x000000001e310000,0x000000001e410000)]
  0x000000001c0cc800 JavaThread "Thread-9" [_thread_blocked, id=4864, stack(0x000000001e010000,0x000000001e110000)]
  0x000000001c024800 JavaThread "Stdin handler" [_thread_blocked, id=5684, stack(0x000000001df10000,0x000000001e010000)]
  0x000000001c022000 JavaThread "Asynchronous log dispatcher for DefaultDaemonConnection: socket connection from /127.0.0.1:53914 to /127.0.0.1:53915" [_thread_blocked, id=9984, stack(0x000000001de10000,0x000000001df10000)]
  0x000000001c021000 JavaThread "Daemon worker" [_thread_blocked, id=5276, stack(0x000000001dd10000,0x000000001de10000)]
  0x000000001c01f000 JavaThread "Cancel handler" [_thread_blocked, id=11720, stack(0x000000001dc10000,0x000000001dd10000)]
  0x000000001bfde800 JavaThread "Handler for socket connection from /127.0.0.1:53914 to /127.0.0.1:53915" [_thread_in_native, id=6208, stack(0x000000001db10000,0x000000001dc10000)]
  0x000000001c029800 JavaThread "Daemon" [_thread_blocked, id=1532, stack(0x000000001d810000,0x000000001d910000)]
  0x000000001c02a800 JavaThread "Daemon periodic checks" [_thread_blocked, id=9960, stack(0x000000001d710000,0x000000001d810000)]
  0x000000001bf6e800 JavaThread "Incoming local TCP Connector on port 53914" [_thread_in_native, id=6460, stack(0x000000001d4d0000,0x000000001d5d0000)]
  0x000000001bee8800 JavaThread "Daemon health stats" [_thread_blocked, id=9120, stack(0x000000001ce90000,0x000000001cf90000)]
  0x00000000196ba000 JavaThread "Service Thread" daemon [_thread_blocked, id=10928, stack(0x000000001a2f0000,0x000000001a3f0000)]
=>0x0000000019635000 JavaThread "C1 CompilerThread3" daemon [_thread_in_native, id=6340, stack(0x000000001a1f0000,0x000000001a2f0000)]
  0x0000000019631000 JavaThread "C2 CompilerThread2" daemon [_thread_in_native, id=4896, stack(0x000000001a0f0000,0x000000001a1f0000)]
  0x0000000019629000 JavaThread "C2 CompilerThread1" daemon [_thread_in_native, id=1072, stack(0x0000000019ff0000,0x000000001a0f0000)]
  0x0000000017818000 JavaThread "C2 CompilerThread0" daemon [_thread_in_native, id=4884, stack(0x0000000019ef0000,0x0000000019ff0000)]
  0x0000000019623000 JavaThread "Attach Listener" daemon [_thread_blocked, id=7896, stack(0x0000000019df0000,0x0000000019ef0000)]
  0x0000000019626800 JavaThread "Signal Dispatcher" daemon [_thread_blocked, id=4784, stack(0x0000000019cf0000,0x0000000019df0000)]
  0x000000000279d800 JavaThread "Finalizer" daemon [_thread_blocked, id=10664, stack(0x0000000019af0000,0x0000000019bf0000)]
  0x0000000002797000 JavaThread "Reference Handler" daemon [_thread_blocked, id=11044, stack(0x00000000199f0000,0x0000000019af0000)]
  0x0000000000d5d800 JavaThread "main" [_thread_blocked, id=4924, stack(0x00000000025a0000,0x00000000026a0000)]

Other Threads:
  0x0000000017805800 VMThread [stack: 0x00000000194f0000,0x00000000195f0000] [id=7044]
  0x00000000196ba800 WatcherThread [stack: 0x000000001a3f0000,0x000000001a4f0000] [id=7132]

VM state:at safepoint (normal execution)

VM Mutex/Monitor currently owned by a thread:  ([mutex/lock_event])
[0x0000000000d5c830] Safepoint_lock - owner thread: 0x0000000017805800
[0x0000000000d5cdb0] Threads_lock - owner thread: 0x0000000017805800

heap address: 0x0000000080000000, size: 2048 MB, Compressed Oops mode: 32-bit
Narrow klass base: 0x0000000000000000, Narrow klass shift: 3
Compressed class space size: 1073741824 Address: 0x0000000100000000

Heap:
 PSYoungGen      total 239104K, used 195346K [0x00000000d5580000, 0x00000000e6580000, 0x0000000100000000)
  eden space 214528K, 79% used [0x00000000d5580000,0x00000000dfc469d0,0x00000000e2700000)
  from space 24576K, 99% used [0x00000000e4300000,0x00000000e5afdf80,0x00000000e5b00000)
  to   space 28672K, 0% used [0x00000000e2700000,0x00000000e2700000,0x00000000e4300000)
 ParOldGen       total 237056K, used 42826K [0x0000000080000000, 0x000000008e780000, 0x00000000d5580000)
  object space 237056K, 18% used [0x0000000080000000,0x00000000829d2b10,0x000000008e780000)
 Metaspace       used 72639K, capacity 76244K, committed 76440K, reserved 1116160K
  class space    used 9868K, capacity 10580K, committed 10672K, reserved 1048576K

Card table byte_map: [0x0000000011b60000,0x0000000011f70000] byte_map_base: 0x0000000011760000

Marking Bits: (ParMarkBitMap*) 0x000000007020f030
 Begin Bits: [0x0000000012a20000, 0x0000000014a20000)
 End Bits:   [0x0000000014a20000, 0x0000000016a20000)

Polling page: 0x0000000000850000

CodeCache: size=245760Kb used=28633Kb max_used=28641Kb free=217126Kb
 bounds [0x00000000027a0000, 0x00000000043c0000, 0x00000000117a0000]
 total_blobs=9604 nmethods=8762 adapters=754
 compilation: enabled

Compilation events (10 events):
Event: 17.058 Thread 0x0000000019635000 nmethod 10132 0x00000000043b4a90 code [0x00000000043b4c80, 0x00000000043b5308]
Event: 17.058 Thread 0x0000000019635000 10133       2       java.io.ObjectOutputStream$BlockDataOutputStream::write (152 bytes)
Event: 17.058 Thread 0x0000000019635000 nmethod 10133 0x00000000043b5ad0 code [0x00000000043b5c80, 0x00000000043b6118]
Event: 17.061 Thread 0x0000000019635000 10135       2       com.google.protobuf.GeneratedMessageV3$Builder::onChanged (29 bytes)
Event: 17.061 Thread 0x0000000019635000 nmethod 10135 0x00000000043b2750 code [0x00000000043b28c0, 0x00000000043b2a68]
Event: 17.067 Thread 0x0000000019635000 10136       2       java.io.ObjectOutputStream::writeLong (9 bytes)
Event: 17.068 Thread 0x0000000019635000 nmethod 10136 0x00000000043b6350 code [0x00000000043b64c0, 0x00000000043b6628]
Event: 17.068 Thread 0x0000000019635000 10137       2       com.google.common.collect.RegularImmutableSortedSet::iterator (8 bytes)
Event: 17.069 Thread 0x0000000019635000 nmethod 10137 0x00000000028daad0 code [0x00000000028dac40, 0x00000000028dadc8]
Event: 17.069 Thread 0x0000000019635000 10140   !   2       java.io.ObjectInputStream$BlockDataInputStream::readUTFSpan (502 bytes)

GC Heap History (10 events):
Event: 6.556 GC heap before
{Heap before GC invocations=11 (full 2):
 PSYoungGen      total 158720K, used 158607K [0x00000000d5580000, 0x00000000e0b00000, 0x0000000100000000)
  eden space 149504K, 100% used [0x00000000d5580000,0x00000000de780000,0x00000000de780000)
  from space 9216K, 98% used [0x00000000e0200000,0x00000000e0ae3de0,0x00000000e0b00000)
  to   space 11776K, 0% used [0x00000000df400000,0x00000000df400000,0x00000000dff80000)
 ParOldGen       total 151040K, used 14614K [0x0000000080000000, 0x0000000089380000, 0x00000000d5580000)
  object space 151040K, 9% used [0x0000000080000000,0x0000000080e458d0,0x0000000089380000)
 Metaspace       used 50717K, capacity 52658K, committed 52776K, reserved 1095680K
  class space    used 6764K, capacity 7213K, committed 7216K, reserved 1048576K
Event: 6.575 GC heap after
Heap after GC invocations=11 (full 2):
 PSYoungGen      total 174080K, used 11748K [0x00000000d5580000, 0x00000000e3280000, 0x0000000100000000)
  eden space 162304K, 0% used [0x00000000d5580000,0x00000000d5580000,0x00000000df400000)
  from space 11776K, 99% used [0x00000000df400000,0x00000000dff79300,0x00000000dff80000)
  to   space 17920K, 0% used [0x00000000e2100000,0x00000000e2100000,0x00000000e3280000)
 ParOldGen       total 151040K, used 27762K [0x0000000080000000, 0x0000000089380000, 0x00000000d5580000)
  object space 151040K, 18% used [0x0000000080000000,0x0000000081b1c9c0,0x0000000089380000)
 Metaspace       used 50717K, capacity 52658K, committed 52776K, reserved 1095680K
  class space    used 6764K, capacity 7213K, committed 7216K, reserved 1048576K
}
Event: 7.589 GC heap before
{Heap before GC invocations=12 (full 2):
 PSYoungGen      total 174080K, used 121240K [0x00000000d5580000, 0x00000000e3280000, 0x0000000100000000)
  eden space 162304K, 67% used [0x00000000d5580000,0x00000000dc06ce90,0x00000000df400000)
  from space 11776K, 99% used [0x00000000df400000,0x00000000dff79300,0x00000000dff80000)
  to   space 17920K, 0% used [0x00000000e2100000,0x00000000e2100000,0x00000000e3280000)
 ParOldGen       total 151040K, used 27762K [0x0000000080000000, 0x0000000089380000, 0x00000000d5580000)
  object space 151040K, 18% used [0x0000000080000000,0x0000000081b1c9c0,0x0000000089380000)
 Metaspace       used 56642K, capacity 58942K, committed 59160K, reserved 1099776K
  class space    used 7719K, capacity 8215K, committed 8240K, reserved 1048576K
Event: 7.611 GC heap after
Heap after GC invocations=12 (full 2):
 PSYoungGen      total 204288K, used 17908K [0x00000000d5580000, 0x00000000e4b80000, 0x0000000100000000)
  eden space 186368K, 0% used [0x00000000d5580000,0x00000000d5580000,0x00000000e0b80000)
  from space 17920K, 99% used [0x00000000e2100000,0x00000000e327d310,0x00000000e3280000)
  to   space 22016K, 0% used [0x00000000e0b80000,0x00000000e0b80000,0x00000000e2100000)
 ParOldGen       total 151040K, used 33716K [0x0000000080000000, 0x0000000089380000, 0x00000000d5580000)
  object space 151040K, 22% used [0x0000000080000000,0x00000000820ed108,0x0000000089380000)
 Metaspace       used 56642K, capacity 58942K, committed 59160K, reserved 1099776K
  class space    used 7719K, capacity 8215K, committed 8240K, reserved 1048576K
}
Event: 7.611 GC heap before
{Heap before GC invocations=13 (full 3):
 PSYoungGen      total 204288K, used 17908K [0x00000000d5580000, 0x00000000e4b80000, 0x0000000100000000)
  eden space 186368K, 0% used [0x00000000d5580000,0x00000000d5580000,0x00000000e0b80000)
  from space 17920K, 99% used [0x00000000e2100000,0x00000000e327d310,0x00000000e3280000)
  to   space 22016K, 0% used [0x00000000e0b80000,0x00000000e0b80000,0x00000000e2100000)
 ParOldGen       total 151040K, used 33716K [0x0000000080000000, 0x0000000089380000, 0x00000000d5580000)
  object space 151040K, 22% used [0x0000000080000000,0x00000000820ed108,0x0000000089380000)
 Metaspace       used 56642K, capacity 58942K, committed 59160K, reserved 1099776K
  class space    used 7719K, capacity 8215K, committed 8240K, reserved 1048576K
Event: 7.836 GC heap after
Heap after GC invocations=13 (full 3):
 PSYoungGen      total 204288K, used 0K [0x00000000d5580000, 0x00000000e4b80000, 0x0000000100000000)
  eden space 186368K, 0% used [0x00000000d5580000,0x00000000d5580000,0x00000000e0b80000)
  from space 17920K, 0% used [0x00000000e2100000,0x00000000e2100000,0x00000000e3280000)
  to   space 22016K, 0% used [0x00000000e0b80000,0x00000000e0b80000,0x00000000e2100000)
 ParOldGen       total 237056K, used 39797K [0x0000000080000000, 0x000000008e780000, 0x00000000d5580000)
  object space 237056K, 16% used [0x0000000080000000,0x00000000826dd498,0x000000008e780000)
 Metaspace       used 56598K, capacity 58792K, committed 59160K, reserved 1099776K
  class space    used 7706K, capacity 8190K, committed 8240K, reserved 1048576K
}
Event: 15.028 GC heap before
{Heap before GC invocations=14 (full 3):
 PSYoungGen      total 204288K, used 186368K [0x00000000d5580000, 0x00000000e4b80000, 0x0000000100000000)
  eden space 186368K, 100% used [0x00000000d5580000,0x00000000e0b80000,0x00000000e0b80000)
  from space 17920K, 0% used [0x00000000e2100000,0x00000000e2100000,0x00000000e3280000)
  to   space 22016K, 0% used [0x00000000e0b80000,0x00000000e0b80000,0x00000000e2100000)
 ParOldGen       total 237056K, used 39797K [0x0000000080000000, 0x000000008e780000, 0x00000000d5580000)
  object space 237056K, 16% used [0x0000000080000000,0x00000000826dd498,0x000000008e780000)
 Metaspace       used 67579K, capacity 70650K, committed 70936K, reserved 1110016K
  class space    used 9269K, capacity 9909K, committed 10032K, reserved 1048576K
Event: 15.045 GC heap after
Heap after GC invocations=14 (full 3):
 PSYoungGen      total 208384K, used 20595K [0x00000000d5580000, 0x00000000e5b00000, 0x0000000100000000)
  eden space 186368K, 0% used [0x00000000d5580000,0x00000000d5580000,0x00000000e0b80000)
  from space 22016K, 93% used [0x00000000e0b80000,0x00000000e1f9cd60,0x00000000e2100000)
  to   space 24576K, 0% used [0x00000000e4300000,0x00000000e4300000,0x00000000e5b00000)
 ParOldGen       total 237056K, used 39805K [0x0000000080000000, 0x000000008e780000, 0x00000000d5580000)
  object space 237056K, 16% used [0x0000000080000000,0x00000000826df498,0x000000008e780000)
 Metaspace       used 67579K, capacity 70650K, committed 70936K, reserved 1110016K
  class space    used 9269K, capacity 9909K, committed 10032K, reserved 1048576K
}
Event: 15.877 GC heap before
{Heap before GC invocations=15 (full 3):
 PSYoungGen      total 208384K, used 206963K [0x00000000d5580000, 0x00000000e5b00000, 0x0000000100000000)
  eden space 186368K, 100% used [0x00000000d5580000,0x00000000e0b80000,0x00000000e0b80000)
  from space 22016K, 93% used [0x00000000e0b80000,0x00000000e1f9cd60,0x00000000e2100000)
  to   space 24576K, 0% used [0x00000000e4300000,0x00000000e4300000,0x00000000e5b00000)
 ParOldGen       total 237056K, used 39805K [0x0000000080000000, 0x000000008e780000, 0x00000000d5580000)
  object space 237056K, 16% used [0x0000000080000000,0x00000000826df498,0x000000008e780000)
 Metaspace       used 68714K, capacity 72254K, committed 72600K, reserved 1112064K
  class space    used 9378K, capacity 10057K, committed 10160K, reserved 1048576K
Event: 15.894 GC heap after
Heap after GC invocations=15 (full 3):
 PSYoungGen      total 239104K, used 24567K [0x00000000d5580000, 0x00000000e6580000, 0x0000000100000000)
  eden space 214528K, 0% used [0x00000000d5580000,0x00000000d5580000,0x00000000e2700000)
  from space 24576K, 99% used [0x00000000e4300000,0x00000000e5afdf80,0x00000000e5b00000)
  to   space 28672K, 0% used [0x00000000e2700000,0x00000000e2700000,0x00000000e4300000)
 ParOldGen       total 237056K, used 42826K [0x0000000080000000, 0x000000008e780000, 0x00000000d5580000)
  object space 237056K, 18% used [0x0000000080000000,0x00000000829d2b10,0x000000008e780000)
 Metaspace       used 68714K, capacity 72254K, committed 72600K, reserved 1112064K
  class space    used 9378K, capacity 10057K, committed 10160K, reserved 1048576K
}

Deoptimization events (10 events):
Event: 16.875 Thread 0x000000001c442800 Uncommon trap: reason=unstable_if action=reinterpret pc=0x00000000041e5214 method=com.sun.org.apache.xerces.internal.dom.AttrImpl.getValue()Ljava/lang/String; @ 15
Event: 16.925 Thread 0x000000001c442800 Uncommon trap: reason=unstable_if action=reinterpret pc=0x00000000041af288 method=com.sun.org.apache.xerces.internal.dom.DeferredDocumentImpl.getNodeObject(I)Lcom/sun/org/apache/xerces/internal/dom/DeferredNode; @ 39
Event: 16.925 Thread 0x000000001c442800 Uncommon trap: reason=unstable_if action=reinterpret pc=0x00000000041daa04 method=com.sun.org.apache.xerces.internal.dom.DeferredDocumentImpl.getLastChild(IZ)I @ 20
Event: 16.949 Thread 0x000000001c442800 Uncommon trap: reason=bimorphic action=maybe_recompile pc=0x0000000004375210 method=com.sun.org.apache.xerces.internal.dom.ParentNode.checkNormalizationAfterInsert(Lcom/sun/org/apache/xerces/internal/dom/ChildNode;)V @ 23
Event: 16.979 Thread 0x000000001c442800 Uncommon trap: reason=unstable_if action=reinterpret pc=0x000000000438ce44 method=com.android.utils.XmlUtils.toXmlTextValue(Ljava/lang/String;)Ljava/lang/String; @ 21
Event: 16.982 Thread 0x000000001c442800 Uncommon trap: reason=unstable_if action=reinterpret pc=0x000000000438d528 method=com.android.utils.XmlUtils.toXmlAttributeValue(Ljava/lang/String;)Ljava/lang/String; @ 27
Event: 17.069 Thread 0x000000001c44c800 Uncommon trap: reason=bimorphic action=maybe_recompile pc=0x0000000003a40304 method=java.io.DataInputStream.readChar()C @ 4
Event: 17.070 Thread 0x000000001c44c800 Uncommon trap: reason=bimorphic action=maybe_recompile pc=0x0000000003a40304 method=java.io.DataInputStream.readChar()C @ 4
Event: 17.070 Thread 0x000000001c44c800 Uncommon trap: reason=bimorphic action=maybe_recompile pc=0x0000000003a40304 method=java.io.DataInputStream.readChar()C @ 4
Event: 17.070 Thread 0x000000001c44c800 Uncommon trap: reason=bimorphic action=maybe_recompile pc=0x0000000003a40304 method=java.io.DataInputStream.readChar()C @ 4

Classes redefined (0 events):
No events

Internal exceptions (10 events):
Event: 16.401 Thread 0x000000001c442800 Implicit null exception at 0x00000000041a30bf to 0x00000000041a32dd
Event: 16.402 Thread 0x000000001c442800 Implicit null exception at 0x0000000002a68c5a to 0x0000000002a68cad
Event: 16.427 Thread 0x000000001c442800 Exception <a 'java/lang/NoSuchMethodError': java.lang.Object.lambda$codePoints$1()Ljava/util/Spliterator$OfInt;> (0x00000000dac1db10) thrown at [C:\src\AOSP-openjdk-git\hotspot\src\share\vm\interpreter\linkResolver.cpp, line 620]
Event: 16.441 Thread 0x000000001c442800 Implicit null exception at 0x00000000041e0175 to 0x00000000041e01f9
Event: 16.689 Thread 0x000000001c442800 Implicit null exception at 0x0000000002a27d96 to 0x0000000002a28131
Event: 17.047 Thread 0x000000001c442800 Exception <a 'java/lang/NoSuchMethodError': <clinit>> (0x00000000df9aea50) thrown at [C:\src\AOSP-openjdk-git\hotspot\src\share\vm\prims\jni.cpp, line 1615]
Event: 17.048 Thread 0x000000001c442800 Exception <a 'java/lang/NoSuchMethodError': <clinit>> (0x00000000df9bf350) thrown at [C:\src\AOSP-openjdk-git\hotspot\src\share\vm\prims\jni.cpp, line 1615]
Event: 17.049 Thread 0x000000001c442800 Exception <a 'java/lang/NoSuchMethodError': <clinit>> (0x00000000df9cf770) thrown at [C:\src\AOSP-openjdk-git\hotspot\src\share\vm\prims\jni.cpp, line 1615]
Event: 17.050 Thread 0x000000001c442800 Exception <a 'java/lang/NoSuchMethodError': <clinit>> (0x00000000df9e2fc8) thrown at [C:\src\AOSP-openjdk-git\hotspot\src\share\vm\prims\jni.cpp, line 1615]
Event: 17.056 Thread 0x000000001c442800 Exception <a 'java/lang/NoSuchMethodError': <clinit>> (0x00000000dfa608a8) thrown at [C:\src\AOSP-openjdk-git\hotspot\src\share\vm\prims\jni.cpp, line 1615]

Events (10 events):
Event: 17.069 Thread 0x0000000019635000 flushing nmethod 0x0000000002b4eb50
Event: 17.070 Thread 0x000000001c44c800 Uncommon trap: trap_request=0xffffffc6 fr.pc=0x0000000003a40304
Event: 17.070 Thread 0x000000001c44c800 DEOPT PACKING pc=0x0000000003a40304 sp=0x000000002fb9c470
Event: 17.070 Thread 0x000000001c44c800 DEOPT UNPACKING pc=0x00000000027e557b sp=0x000000002fb9c438 mode 2
Event: 17.070 Thread 0x000000001c44c800 Uncommon trap: trap_request=0xffffffc6 fr.pc=0x0000000003a40304
Event: 17.070 Thread 0x000000001c44c800 DEOPT PACKING pc=0x0000000003a40304 sp=0x000000002fb9c470
Event: 17.070 Thread 0x000000001c44c800 DEOPT UNPACKING pc=0x00000000027e557b sp=0x000000002fb9c438 mode 2
Event: 17.070 Thread 0x000000001c44c800 Uncommon trap: trap_request=0xffffffc6 fr.pc=0x0000000003a40304
Event: 17.070 Thread 0x000000001c44c800 DEOPT PACKING pc=0x0000000003a40304 sp=0x000000002fb9c470
Event: 17.070 Thread 0x000000001c44c800 DEOPT UNPACKING pc=0x00000000027e557b sp=0x000000002fb9c438 mode 2


Dynamic libraries:
0x00007ff60f390000 - 0x00007ff60f3c1000 	C:\Program Files\Android\Android Studio\jre\bin\java.exe
0x00007ffbbfaf0000 - 0x00007ffbbfce5000 	C:\Windows\SYSTEM32\ntdll.dll
0x00007ffbbf720000 - 0x00007ffbbf7dd000 	C:\Windows\System32\KERNEL32.DLL
0x00007ffbbd2d0000 - 0x00007ffbbd599000 	C:\Windows\System32\KERNELBASE.dll
0x00007ffbbe980000 - 0x00007ffbbea2c000 	C:\Windows\System32\ADVAPI32.dll
0x00007ffbbf8a0000 - 0x00007ffbbf93e000 	C:\Windows\System32\msvcrt.dll
0x00007ffbbf940000 - 0x00007ffbbf9dc000 	C:\Windows\System32\sechost.dll
0x00007ffbbdb50000 - 0x00007ffbbdc7b000 	C:\Windows\System32\RPCRT4.dll
0x00007ffbbe4e0000 - 0x00007ffbbe680000 	C:\Windows\System32\USER32.dll
0x00007ffbbd890000 - 0x00007ffbbd8b2000 	C:\Windows\System32\win32u.dll
0x00007ffbbf7e0000 - 0x00007ffbbf80a000 	C:\Windows\System32\GDI32.dll
0x00007ffbbd5a0000 - 0x00007ffbbd6ab000 	C:\Windows\System32\gdi32full.dll
0x00007ffbbd230000 - 0x00007ffbbd2cd000 	C:\Windows\System32\msvcp_win.dll
0x00007ffbbd6b0000 - 0x00007ffbbd7b0000 	C:\Windows\System32\ucrtbase.dll
0x00007ffba66f0000 - 0x00007ffba698a000 	C:\Windows\WinSxS\amd64_microsoft.windows.common-controls_6595b64144ccf1df_6.0.19041.844_none_ca00b6081b84eb1d\COMCTL32.dll
0x00007ffbbf810000 - 0x00007ffbbf840000 	C:\Windows\System32\IMM32.DLL
0x000000006eef0000 - 0x000000006efc2000 	C:\Program Files\Android\Android Studio\jre\jre\bin\msvcr100.dll
0x000000006fa40000 - 0x000000007028b000 	C:\Program Files\Android\Android Studio\jre\jre\bin\server\jvm.dll
0x00007ffbbf5d0000 - 0x00007ffbbf5d8000 	C:\Windows\System32\PSAPI.DLL
0x00007ffb9c560000 - 0x00007ffb9c569000 	C:\Windows\SYSTEM32\WSOCK32.dll
0x00007ffba6990000 - 0x00007ffba69b7000 	C:\Windows\SYSTEM32\WINMM.dll
0x00007ffbb5120000 - 0x00007ffbb512a000 	C:\Windows\SYSTEM32\VERSION.dll
0x00007ffbbf050000 - 0x00007ffbbf0bb000 	C:\Windows\System32\WS2_32.dll
0x00007ffb9bef0000 - 0x00007ffb9beff000 	C:\Program Files\Android\Android Studio\jre\jre\bin\verify.dll
0x00007ffb8cae0000 - 0x00007ffb8cb09000 	C:\Program Files\Android\Android Studio\jre\jre\bin\java.dll
0x00007ffb951c0000 - 0x00007ffb951d6000 	C:\Program Files\Android\Android Studio\jre\jre\bin\zip.dll
0x00007ffbbdd70000 - 0x00007ffbbe4b2000 	C:\Windows\System32\SHELL32.dll
0x00007ffbbb3b0000 - 0x00007ffbbbb40000 	C:\Windows\SYSTEM32\windows.storage.dll
0x00007ffbbf0c0000 - 0x00007ffbbf415000 	C:\Windows\System32\combase.dll
0x00007ffbbcbd0000 - 0x00007ffbbcbfc000 	C:\Windows\SYSTEM32\Wldp.dll
0x00007ffbbe8d0000 - 0x00007ffbbe97e000 	C:\Windows\System32\SHCORE.dll
0x00007ffbbf840000 - 0x00007ffbbf895000 	C:\Windows\System32\shlwapi.dll
0x00007ffbbd170000 - 0x00007ffbbd18f000 	C:\Windows\SYSTEM32\profapi.dll
0x00007ffb8cac0000 - 0x00007ffb8cada000 	C:\Program Files\Android\Android Studio\jre\jre\bin\net.dll
0x00007ffbbc950000 - 0x00007ffbbc9ba000 	C:\Windows\system32\mswsock.dll
0x00007ffb8caa0000 - 0x00007ffb8cab3000 	C:\Program Files\Android\Android Studio\jre\jre\bin\nio.dll
0x00007ffb5e3d0000 - 0x00007ffb5e3f7000 	C:\Users\admin\.gradle\native\f6784746aeab05261644944871eae4fe03e0ef1612fff0a4a95f87b438bc6780\windows-amd64\native-platform.dll
0x00007ffb9bec0000 - 0x00007ffb9becd000 	C:\Program Files\Android\Android Studio\jre\jre\bin\management.dll
0x00007ffbbcb20000 - 0x00007ffbbcb38000 	C:\Windows\SYSTEM32\CRYPTSP.dll
0x00007ffbbc2f0000 - 0x00007ffbbc324000 	C:\Windows\system32\rsaenh.dll
0x00007ffbbdb20000 - 0x00007ffbbdb47000 	C:\Windows\System32\bcrypt.dll
0x00007ffbbd130000 - 0x00007ffbbd15e000 	C:\Windows\SYSTEM32\USERENV.dll
0x00007ffbbd810000 - 0x00007ffbbd890000 	C:\Windows\System32\bcryptprimitives.dll
0x00007ffbbcb40000 - 0x00007ffbbcb4c000 	C:\Windows\SYSTEM32\CRYPTBASE.dll
0x00007ffbbc640000 - 0x00007ffbbc67b000 	C:\Windows\SYSTEM32\IPHLPAPI.DLL
0x00007ffbbf5e0000 - 0x00007ffbbf5e8000 	C:\Windows\System32\NSI.dll
0x00007ffbb6a80000 - 0x00007ffbb6a97000 	C:\Windows\SYSTEM32\dhcpcsvc6.DLL
0x00007ffbb6980000 - 0x00007ffbb699d000 	C:\Windows\SYSTEM32\dhcpcsvc.DLL
0x00007ffbbc680000 - 0x00007ffbbc74b000 	C:\Windows\SYSTEM32\DNSAPI.dll
0x00007ffbb6c80000 - 0x00007ffbb6c8b000 	C:\Windows\SYSTEM32\WINNSI.DLL
0x00007ffb9b480000 - 0x00007ffb9b4a4000 	C:\Program Files\Android\Android Studio\jre\jre\bin\sunec.dll
0x00007ffbb4ec0000 - 0x00007ffbb4eca000 	C:\Windows\System32\rasadhlp.dll
0x00007ffbb3760000 - 0x00007ffbb37df000 	C:\Windows\System32\fwpuclnt.dll
0x00007ffb9bbf0000 - 0x00007ffb9bbfb000 	C:\Program Files\Android\Android Studio\jre\jre\bin\sunmscapi.dll
0x00007ffbbd8c0000 - 0x00007ffbbda1f000 	C:\Windows\System32\CRYPT32.dll

VM Arguments:
jvm_args: -Xmx2048m -Dfile.encoding=windows-1252 -Duser.country=US -Duser.language=en -Duser.variant 
java_command: org.gradle.launcher.daemon.bootstrap.GradleDaemon 6.5
java_class_path (initial): C:\Users\admin\.gradle\wrapper\dists\gradle-6.5-bin\6nifqtx7604sqp1q6g8wikw7p\gradle-6.5\lib\gradle-launcher-6.5.jar
Launcher Type: SUN_STANDARD

Environment Variables:
PATH=C:\Windows\system32;C:\Windows;C:\Windows\System32\Wbem;C:\Windows\System32\WindowsPowerShell\v1.0\;C:\Windows\System32\OpenSSH\;C:\Program Files\Git\cmd;C:\Users\admin\Downloads\kotlinc\bin;"C:\Program Files\flutter\bin;";C:\Users\admin\AppData\Local\Microsoft\WindowsApps;C:\Users\admin\Downloads\kotlinc\bin;"C:\Program Files\flutter\bin;";
USERNAME=admin
OS=Windows_NT
PROCESSOR_IDENTIFIER=Intel64 Family 6 Model 94 Stepping 3, GenuineIntel



---------------  S Y S T E M  ---------------

OS: Windows 10.0 , 64 bit Build 19041 (10.0.19041.804)

CPU:total 8 (initial active 8) (4 cores per cpu, 2 threads per core) family 6 model 94 stepping 3, cmov, cx8, fxsr, mmx, sse, sse2, sse3, ssse3, sse4.1, sse4.2, popcnt, avx, avx2, aes, clmul, erms, rtm, 3dnowpref, lzcnt, ht, tsc, tscinvbit, bmi1, bmi2, adx

Memory: 4k page, physical 16593236k(1820348k free), swap 66924884k(4256k free)

vm_info: OpenJDK 64-Bit Server VM (25.242-b01) for windows-amd64 JRE (1.8.0_242-release-1644-b01), built by "builder" with MS VC++ 10.0 (VS2010)

time: Sat Mar 20 11:59:15 2021
timezone: India Standard Time
elapsed time: 17 seconds (0d 0h 0m 17s)

